<?xml version="1.0" encoding="UTF-8"?>
<!-- Generated by org.testng.reporters.JUnitReportReporter -->
<testsuite hostname="ankit" failures="0" tests="1" name="testCases.TC_001_AccountRegistrationTest" time="1.728" errors="0" timestamp="2025-07-24T15:52:11 IST" skipped="0">
  <testcase classname="testCases.TC_001_AccountRegistrationTest" name="verifyAccountRegistration" time="1.728"/>
</testsuite> <!-- testCases.TC_001_AccountRegistrationTest -->
