<?xml version="1.0" encoding="UTF-8"?>
<!-- Generated by org.testng.reporters.JUnitReportReporter -->
<testsuite hostname="ankit" failures="0" tests="1" name="testCases.TC_002_LoginTest" time="4.728" errors="0" timestamp="2025-07-24T14:26:21 IST" skipped="0">
  <testcase classname="testCases.TC_002_LoginTest" name="verify_login" time="4.728"/>
</testsuite> <!-- testCases.TC_002_LoginTest -->
